[1m========================================================================= test session starts =========================================================================[0m
platform darwin -- Python 3.13.5, pytest-8.4.1, pluggy-1.6.0 -- /Users/les/Projects/starlette-async-jinja/.venv/bin/python
cachedir: .pytest_cache
benchmark: 5.1.0 (defaults: timer=time.perf_counter disable_gc=False min_rounds=5 min_time=0.000005 max_time=1.0 calibration_precision=10 warmup=False warmup_iterations=100000)
rootdir: /Users/les/Projects/starlette-async-jinja
configfile: pyproject.toml
testpaths: tests, starlette_async_jinja
plugins: xdist-3.7.0, anyio-4.9.0, timeout-2.4.0, cov-6.2.1, mock-3.14.1, benchmark-5.1.0, asyncio-1.0.0
timeout: 300.0s
timeout method: thread
timeout func_only: False
asyncio: mode=Mode.AUTO, asyncio_default_fixture_loop_scope=function, asyncio_default_test_loop_scope=function
[1mcollecting ... [0m[1mcollected 46 items / 42 deselected / 4 selected                                                                                                                       [0m

tests/test_benchmarks.py::test_benchmark_json_response [32mPASSED[0m[32m                                                                                                   [ 25%][0m
tests/test_benchmarks.py::test_benchmark_template_mock [32mPASSED[0m[32m                                                                                                   [ 50%][0m
tests/test_benchmarks.py::test_benchmark_render_fragment_mock [32mPASSED[0m[32m                                                                                            [ 75%][0m
tests/test_benchmarks.py::test_benchmark_context_processors_mock [32mPASSED[0m[32m                                                                                         [100%][0m[31m[1m
ERROR: Coverage failure: total of 29 is less than fail-under=42
[0m

=========================================================================== tests coverage ============================================================================
__________________________________________________________ coverage: platform darwin, python 3.13.5-final-0 ___________________________________________________________

Name                                 Stmts   Miss  Cover
--------------------------------------------------------
starlette_async_jinja/responses.py     115     82    29%
--------------------------------------------------------
TOTAL                                  115     82    29%
[31m[1mFAIL Required test coverage of 42% not reached. Total coverage: 28.70%
[0m
[33m----------------------------------------------------------------------------------------------------------- benchmark: 4 tests ----------------------------------------------------------------------------------------------------------[0m
Name (time in ns)                                  Min                     Max                   Mean                StdDev                 Median                   IQR             Outliers  OPS (Kops/s)            Rounds  Iterations
[33m-----------------------------------------------------------------------------------------------------------------------------------------------------------------------------------------------------------------------------------------[0m
test_benchmark_render_fragment_mock      [32m[1m     167.6200 (1.0)    [0m[32m[1m    9,824.4200 (1.0)    [0m[32m[1m     195.9419 (1.0)    [0m[32m[1m     96.7253 (1.0)    [0m[32m[1m     175.4800 (1.0)    [0m[1m      5.0400 (1.04)   [0m  3449;7415[32m[1m    5,103.5543 (1.0)    [0m   57304         100
test_benchmark_template_mock             [1m     174.7586 (1.04)   [0m[1m  149,050.2759 (15.17)  [0m[1m     203.6981 (1.04)   [0m[1m    382.8158 (3.96)   [0m[1m     183.2070 (1.04)   [0m[32m[1m      4.8621 (1.0)    [0m 1967;19959[1m    4,909.2271 (0.96)   [0m  184095          29
test_benchmark_context_processors_mock   [1m   1,203.0032 (7.18)   [0m[31m[1m  205,465.9999 (20.91)  [0m[1m   1,515.5510 (7.73)   [0m[1m  2,337.8144 (24.17)  [0m[1m   1,313.0011 (7.48)   [0m[1m     70.0020 (14.40)  [0m  980;10572[1m      659.8260 (0.13)   [0m   93362           1
test_benchmark_json_response             [31m[1m  18,759.9981 (111.92) [0m[1m  158,315.0006 (16.11)  [0m[31m[1m  22,017.2208 (112.37) [0m[31m[1m  9,745.1856 (100.75) [0m[31m[1m  19,746.9999 (112.53) [0m[31m[1m  1,469.0013 (302.13) [0m     68;160[31m[1m       45.4190 (0.01)   [0m    1418           1
[33m-----------------------------------------------------------------------------------------------------------------------------------------------------------------------------------------------------------------------------------------[0m

Legend:
  Outliers: 1 Standard Deviation from Mean; 1.5 IQR (InterQuartile Range) from 1st Quartile and 3rd Quartile.
  OPS: Operations Per Second, computed as 1 / Mean
[32m================================================================== [32m[1m4 passed[0m, [33m42 deselected[0m[32m in 5.37s[0m[32m ===================================================================[0m
