pdm run python -m crackerjack --ai-agent --verbose
direnv: loading ~/Projects/jinja2-async-environment/.envrc                      
direnv: export +PDM_ACTIVE ~PATH
(jinja2-async-environment) [jinja2-async-environment] pdm run python -m crackerjack --ai-agent --verbose

Crackerjacking...

PDM installed: ✅


Running pre-commit hooks...

pdm-lock-check...........................................................Passed
trailing-whitespace......................................................Passed
end-of-file-fixer........................................................Passed
check-yaml...............................................................Passed
check-toml...............................................................Passed
check-added-large-files..................................................Passed
ruff-format..............................................................Passed
ruff.....................................................................Failed
- hook id: ruff
- files were modified by this hook

Fixed 1 error:
- tests/test_template_rendering.py:
    1 × F401 (unused-import)

Found 1 error (1 fixed, 0 remaining).

vulture..................................................................Passed
creosote.................................................................Passed
flynt....................................................................Passed
codespell................................................................Passed
autotyping...............................................................Passed
refurb...................................................................Passed
bandit...................................................................Passed
pyright..................................................................Failed
- hook id: pyright
- exit code: 1

/Users/les/Projects/jinja2-async-environment/tests/test_template_rendering.py
  /Users/les/Projects/jinja2-async-environment/tests/test_template_rendering.py:10:27 - warning: Type of parameter "render_func" is partially unknown
    Parameter type is "(...) -> Unknown" (reportUnknownParameterType)
  /Users/les/Projects/jinja2-async-environment/tests/test_template_rendering.py:10:40 - error: Expected type arguments for generic class "Callable" (reportMissingTypeArgument)
  /Users/les/Projects/jinja2-async-environment/tests/test_template_rendering.py:10:50 - warning: Type of parameter "context" is partially unknown
    Parameter type is "dict[Unknown, Unknown]" (reportUnknownParameterType)
  /Users/les/Projects/jinja2-async-environment/tests/test_template_rendering.py:10:59 - error: Expected type arguments for generic class "dict" (reportMissingTypeArgument)
  /Users/les/Projects/jinja2-async-environment/tests/test_template_rendering.py:44:69 - error: Argument of type "Context" cannot be assigned to parameter "context" of type "dict[Unknown, Unknown]" in function "render_template"
    "Context" is not assignable to "dict[Unknown, Unknown]" (reportArgumentType)
  /Users/les/Projects/jinja2-async-environment/tests/test_template_rendering.py:53:69 - error: Argument of type "Context" cannot be assigned to parameter "context" of type "dict[Unknown, Unknown]" in function "render_template"
    "Context" is not assignable to "dict[Unknown, Unknown]" (reportArgumentType)
  /Users/les/Projects/jinja2-async-environment/tests/test_template_rendering.py:64:69 - error: Argument of type "Context" cannot be assigned to parameter "context" of type "dict[Unknown, Unknown]" in function "render_template"
    "Context" is not assignable to "dict[Unknown, Unknown]" (reportArgumentType)
  /Users/les/Projects/jinja2-async-environment/tests/test_template_rendering.py:77:69 - error: Argument of type "Context" cannot be assigned to parameter "context" of type "dict[Unknown, Unknown]" in function "render_template"
    "Context" is not assignable to "dict[Unknown, Unknown]" (reportArgumentType)
  /Users/les/Projects/jinja2-async-environment/tests/test_template_rendering.py:90:69 - error: Argument of type "Context" cannot be assigned to parameter "context" of type "dict[Unknown, Unknown]" in function "render_template"
    "Context" is not assignable to "dict[Unknown, Unknown]" (reportArgumentType)
  /Users/les/Projects/jinja2-async-environment/tests/test_template_rendering.py:103:69 - error: Argument of type "Context" cannot be assigned to parameter "context" of type "dict[Unknown, Unknown]" in function "render_template"
    "Context" is not assignable to "dict[Unknown, Unknown]" (reportArgumentType)
  /Users/les/Projects/jinja2-async-environment/tests/test_template_rendering.py:123:69 - error: Argument of type "Context" cannot be assigned to parameter "context" of type "dict[Unknown, Unknown]" in function "render_template"
    "Context" is not assignable to "dict[Unknown, Unknown]" (reportArgumentType)
9 errors, 2 warnings, 0 informations

ruff.....................................................................Passed
ruff-format..............................................................Passed
pdm-lock-check...........................................................Passed
trailing-whitespace......................................................Passed
end-of-file-fixer........................................................Passed
check-yaml...............................................................Passed
check-toml...............................................................Passed
check-added-large-files..................................................Passed
ruff-format..............................................................Passed
ruff.....................................................................Passed
vulture..................................................................Passed
creosote.................................................................Passed
flynt....................................................................Passed
codespell................................................................Passed
autotyping...............................................................Passed
refurb...................................................................Passed
bandit...................................................................Passed
pyright..................................................................Failed
- hook id: pyright
- exit code: 1

/Users/les/Projects/jinja2-async-environment/tests/test_template_rendering.py
  /Users/les/Projects/jinja2-async-environment/tests/test_template_rendering.py:10:27 - warning: Type of parameter "render_func" is partially unknown
    Parameter type is "(...) -> Unknown" (reportUnknownParameterType)
  /Users/les/Projects/jinja2-async-environment/tests/test_template_rendering.py:10:40 - error: Expected type arguments for generic class "Callable" (reportMissingTypeArgument)
  /Users/les/Projects/jinja2-async-environment/tests/test_template_rendering.py:10:50 - warning: Type of parameter "context" is partially unknown
    Parameter type is "dict[Unknown, Unknown]" (reportUnknownParameterType)
  /Users/les/Projects/jinja2-async-environment/tests/test_template_rendering.py:10:59 - error: Expected type arguments for generic class "dict" (reportMissingTypeArgument)
  /Users/les/Projects/jinja2-async-environment/tests/test_template_rendering.py:44:69 - error: Argument of type "Context" cannot be assigned to parameter "context" of type "dict[Unknown, Unknown]" in function "render_template"
    "Context" is not assignable to "dict[Unknown, Unknown]" (reportArgumentType)
  /Users/les/Projects/jinja2-async-environment/tests/test_template_rendering.py:53:69 - error: Argument of type "Context" cannot be assigned to parameter "context" of type "dict[Unknown, Unknown]" in function "render_template"
    "Context" is not assignable to "dict[Unknown, Unknown]" (reportArgumentType)
  /Users/les/Projects/jinja2-async-environment/tests/test_template_rendering.py:64:69 - error: Argument of type "Context" cannot be assigned to parameter "context" of type "dict[Unknown, Unknown]" in function "render_template"
    "Context" is not assignable to "dict[Unknown, Unknown]" (reportArgumentType)
  /Users/les/Projects/jinja2-async-environment/tests/test_template_rendering.py:77:69 - error: Argument of type "Context" cannot be assigned to parameter "context" of type "dict[Unknown, Unknown]" in function "render_template"
    "Context" is not assignable to "dict[Unknown, Unknown]" (reportArgumentType)
  /Users/les/Projects/jinja2-async-environment/tests/test_template_rendering.py:90:69 - error: Argument of type "Context" cannot be assigned to parameter "context" of type "dict[Unknown, Unknown]" in function "render_template"
    "Context" is not assignable to "dict[Unknown, Unknown]" (reportArgumentType)
  /Users/les/Projects/jinja2-async-environment/tests/test_template_rendering.py:103:69 - error: Argument of type "Context" cannot be assigned to parameter "context" of type "dict[Unknown, Unknown]" in function "render_template"
    "Context" is not assignable to "dict[Unknown, Unknown]" (reportArgumentType)
  /Users/les/Projects/jinja2-async-environment/tests/test_template_rendering.py:123:69 - error: Argument of type "Context" cannot be assigned to parameter "context" of type "dict[Unknown, Unknown]" in function "render_template"
    "Context" is not assignable to "dict[Unknown, Unknown]" (reportArgumentType)
9 errors, 2 warnings, 0 informations

ruff.....................................................................Passed
ruff-format..............................................................Passed


Pre-commit failed. Please fix errors.

(jinja2-async-environment) [jinja2-async-environment]                                                                                                        main  ✭ ✱
