Traceback (most recent call last):
  File [35m"/Users/les/Projects/jinja2-async-environment/test_fix.py"[0m, line [35m26[0m, in [35m<module>[0m
    result = asyncio.run(render_template())
  File [35m"/usr/local/Cellar/python@3.13/3.13.5/Frameworks/Python.framework/Versions/3.13/lib/python3.13/asyncio/runners.py"[0m, line [35m195[0m, in [35mrun[0m
    return [31mrunner.run[0m[1;31m(main)[0m
           [31m~~~~~~~~~~[0m[1;31m^^^^^^[0m
  File [35m"/usr/local/Cellar/python@3.13/3.13.5/Frameworks/Python.framework/Versions/3.13/lib/python3.13/asyncio/runners.py"[0m, line [35m118[0m, in [35mrun[0m
    return [31mself._loop.run_until_complete[0m[1;31m(task)[0m
           [31m~~~~~~~~~~~~~~~~~~~~~~~~~~~~~[0m[1;31m^^^^^^[0m
  File [35m"/usr/local/Cellar/python@3.13/3.13.5/Frameworks/Python.framework/Versions/3.13/lib/python3.13/asyncio/base_events.py"[0m, line [35m725[0m, in [35mrun_until_complete[0m
    return [31mfuture.result[0m[1;31m()[0m
           [31m~~~~~~~~~~~~~[0m[1;31m^^[0m
  File [35m"/Users/les/Projects/jinja2-async-environment/test_fix.py"[0m, line [35m21[0m, in [35mrender_template[0m
    template = [1;31mawait jinja2_env.get_template_async("test.html")[0m
               [1;31m^^^^^^^^^^^^^^^^^^^^^^^^^^^^^^^^^^^^^^^^^^^^^^^^[0m
  File [35m"/Users/les/Projects/jinja2-async-environment/jinja2_async_environment/environment.py"[0m, line [35m119[0m, in [35mget_template_async[0m
    return [1;31mawait self._load_template_async(name, globals)[0m
           [1;31m^^^^^^^^^^^^^^^^^^^^^^^^^^^^^^^^^^^^^^^^^^^^^^[0m
  File [35m"/Users/les/Projects/jinja2-async-environment/jinja2_async_environment/environment.py"[0m, line [35m193[0m, in [35m_load_template_async[0m
    return [1;31mawait self._get_template_async(name, globals)[0m
           [1;31m^^^^^^^^^^^^^^^^^^^^^^^^^^^^^^^^^^^^^^^^^^^^^[0m
  File [35m"/Users/les/Projects/jinja2-async-environment/jinja2_async_environment/environment.py"[0m, line [35m264[0m, in [35m_get_template_async[0m
    template = [1;31mawait self.loader.load_async(self, name, globals_dict)[0m
               [1;31m^^^^^^^^^^^^^^^^^^^^^^^^^^^^^^^^^^^^^^^^^^^^^^^^^^^^^^[0m
  File [35m"/Users/les/Projects/jinja2-async-environment/jinja2_async_environment/loaders.py"[0m, line [35m115[0m, in [35mload_async[0m
    code = environment.compile(source_str, name, path)
  File [35m"/Users/les/Projects/jinja2-async-environment/.venv/lib/python3.13/site-packages/jinja2/environment.py"[0m, line [35m764[0m, in [35mcompile[0m
    source = self._generate(source, name, filename, defer_init=defer_init)
  File [35m"/Users/les/Projects/jinja2-async-environment/jinja2_async_environment/environment.py"[0m, line [35m42[0m, in [35m_generate[0m
    generator = self.code_generator_class(
        self, template_name, filename, defer_init=defer_init
    )
  File [35m"/Users/les/Projects/jinja2-async-environment/jinja2_async_environment/compiler.py"[0m, line [35m106[0m, in [35m__init__[0m
    [31msuper().__init__[0m[1;31m([0m
    [31m~~~~~~~~~~~~~~~~[0m[1;31m^[0m
        [1;31menvironment, name, filename, stream=None, defer_init=defer_init[0m
        [1;31m^^^^^^^^^^^^^^^^^^^^^^^^^^^^^^^^^^^^^^^^^^^^^^^^^^^^^^^^^^^^^^^[0m
    [1;31m)[0m
    [1;31m^[0m
  File [35m"/Users/les/Projects/jinja2-async-environment/.venv/lib/python3.13/site-packages/jinja2/compiler.py"[0m, line [35m343[0m, in [35m__init__[0m
    [1;31mself.filters[0m: t.Dict[str, str] = {}
    [1;31m^^^^^^^^^^^^[0m
[1;35mAttributeError[0m: [35mproperty 'filters' of 'AsyncCodeGenerator' object has no setter[0m
