pdm list
direnv: loading ~/Projects/jinja2-async-environment/.envrc                      
direnv: export +PDM_ACTIVE ~PATH
(jinja2-async-environment) [jinja2-async-environment] pdm list                 
╭──────────────────────────┬───────────┬───────────────────────────────────────╮
│ name                     │ version   │ location                              │
├──────────────────────────┼───────────┼───────────────────────────────────────┤
│ annotated-types          │ 0.7.0     │                                       │
│ anyio                    │ 4.9.0     │                                       │
│ autotyping               │ 24.9.0    │                                       │
│ blinker                  │ 1.9.0     │                                       │
│ certifi                  │ 2025.1.31 │                                       │
│ cfgv                     │ 3.4.0     │                                       │
│ charset-normalizer       │ 3.4.1     │                                       │
│ click                    │ 8.1.8     │                                       │
│ coverage                 │ 7.8.0     │                                       │
│ crackerjack              │ 0.17.1    │                                       │
│ dep-logic                │ 0.5.0     │                                       │
│ distlib                  │ 0.3.9     │                                       │
│ filelock                 │ 3.18.0    │                                       │
│ findpython               │ 0.6.3     │                                       │
│ h11                      │ 0.14.0    │                                       │
│ hishel                   │ 0.1.2     │                                       │
│ httpcore                 │ 1.0.8     │                                       │
│ httpx                    │ 0.28.1    │                                       │
│ id                       │ 1.5.0     │                                       │
│ identify                 │ 2.6.10    │                                       │
│ idna                     │ 3.10      │                                       │
│ iniconfig                │ 2.1.0     │                                       │
│ installer                │ 0.7.0     │                                       │
│ jaraco.classes           │ 3.4.0     │                                       │
│ jaraco.context           │ 6.0.1     │                                       │
│ jaraco.functools         │ 4.1.0     │                                       │
│ Jinja2                   │ 3.1.6     │                                       │
│ jinja2-async-environment │ 0.11.7    │ -e                                    │
│                          │           │ /Users/les/Projects/jinja2-async-env… │
│ keyring                  │ 25.6.0    │                                       │
│ libcst                   │ 1.7.0     │                                       │
│ markdown-it-py           │ 3.0.0     │                                       │
│ MarkupSafe               │ 3.0.2     │                                       │
│ mdurl                    │ 0.1.2     │                                       │
│ more-itertools           │ 10.7.0    │                                       │
│ msgpack                  │ 1.1.0     │                                       │
│ nodeenv                  │ 1.9.1     │                                       │
│ packaging                │ 25.0      │                                       │
│ pbs-installer            │ 2025.4.9  │                                       │
│ pdm                      │ 2.24.1    │                                       │
│ pdm-bump                 │ 0.9.12    │                                       │
│ pdm-pfsc                 │ 0.12.3    │                                       │
│ platformdirs             │ 4.3.7     │                                       │
│ pluggy                   │ 1.5.0     │                                       │
│ pre_commit               │ 4.2.0     │                                       │
│ pydantic                 │ 2.11.4    │                                       │
│ pydantic_core            │ 2.33.2    │                                       │
│ Pygments                 │ 2.19.1    │                                       │
│ pyproject-metadata       │ 0.9.1     │                                       │
│ pyproject_hooks          │ 1.2.0     │                                       │
│ pytest                   │ 8.3.5     │                                       │
│ pytest-asyncio           │ 0.26.0    │                                       │
│ pytest-cov               │ 6.1.1     │                                       │
│ pytest-mock              │ 3.14.0    │                                       │
│ pytest-timeout           │ 2.4.0     │                                       │
│ python-dotenv            │ 1.1.0     │                                       │
│ PyYAML                   │ 6.0.2     │                                       │
│ redis                    │ 6.0.0     │                                       │
│ requests                 │ 2.32.3    │                                       │
│ resolvelib               │ 1.1.0     │                                       │
│ rich                     │ 14.0.0    │                                       │
│ shellingham              │ 1.5.4     │                                       │
│ sniffio                  │ 1.3.1     │                                       │
│ tomli_w                  │ 1.2.0     │                                       │
│ tomlkit                  │ 0.13.2    │                                       │
│ truststore               │ 0.10.1    │                                       │
│ typer                    │ 0.15.3    │                                       │
│ typing-inspection        │ 0.4.0     │                                       │
│ typing_extensions        │ 4.13.2    │                                       │
│ unearth                  │ 0.17.5    │                                       │
│ urllib3                  │ 2.4.0     │                                       │
│ uv                       │ 0.7.3     │                                       │
│ virtualenv               │ 20.30.0   │                                       │
╰──────────────────────────┴───────────┴───────────────────────────────────────╯
(jinja2-async-environment) [jinja2-async-environment]                 main  ✭ ✱
