[1m========================================================================= test session starts =========================================================================[0m
platform darwin -- Python 3.13.5, pytest-8.4.0, pluggy-1.6.0 -- /Users/les/Projects/jinja2-async-environment/.venv/bin/python
cachedir: .pytest_cache
benchmark: 5.1.0 (defaults: timer=time.perf_counter disable_gc=False min_rounds=5 min_time=0.000005 max_time=1.0 calibration_precision=10 warmup=False warmup_iterations=100000)
rootdir: /Users/les/Projects/jinja2-async-environment
configfile: pyproject.toml
plugins: xdist-3.7.0, anyio-4.9.0, timeout-2.4.0, cov-6.2.1, mock-3.14.1, benchmark-5.1.0, asyncio-1.0.0
timeout: 300.0s
timeout method: thread
timeout func_only: False
asyncio: mode=Mode.AUTO, asyncio_default_fixture_loop_scope=function, asyncio_default_test_loop_scope=function
[1mcollecting ... [0m[1mcollected 4 items                                                                                                                                                     [0m

tests/test_compiler_additional.py::test_async_frame_init [32mPASSED[0m[32m                                                                                                 [ 25%][0m
tests/test_compiler_additional.py::test_async_frame_copy [32mPASSED[0m[32m                                                                                                 [ 50%][0m
tests/test_compiler_additional.py::test_async_code_generator_init [32mPASSED[0m[32m                                                                                        [ 75%][0m
tests/test_compiler_additional.py::test_func_code_generator [32mPASSED[0m[32m                                                                                              [100%][0m[31m[1m
ERROR: Coverage failure: total of 27 is less than fail-under=42
[0m

=========================================================================== tests coverage ============================================================================
__________________________________________________________ coverage: platform darwin, python 3.13.5-final-0 ___________________________________________________________

Name                                      Stmts   Miss  Cover
-------------------------------------------------------------
jinja2_async_environment/bccache.py          56     29    48%
jinja2_async_environment/compiler.py        393    281    28%
jinja2_async_environment/environment.py     121     88    27%
jinja2_async_environment/loaders.py         320    252    21%
-------------------------------------------------------------
TOTAL                                       890    650    27%
[31m[1mFAIL Required test coverage of 42% not reached. Total coverage: 26.97%
[0m[32m========================================================================== [32m[1m4 passed[0m[32m in 0.50s[0m[32m ==========================================================================[0m
