cd /Users/les/Projects/jinja2-async-environment && python -m pytest
direnv: loading ~/Projects/jinja2-async-environment/.envrc                      
direnv: export +PDM_ACTIVE ~PATH
(jinja2-async-environment) [jinja2-async-environment] cd /Users/les/Projects/jinja2-async-environment && python -m pytest
============================= test session starts ==============================
platform darwin -- Python 3.13.3, pytest-8.3.5, pluggy-1.5.0
rootdir: /Users/les/Projects/jinja2-async-environment
configfile: pyproject.toml
testpaths: tests, jinja2_async_environment
plugins: anyio-4.9.0, timeout-2.4.0, asyncio-0.26.0, mock-3.14.0, cov-6.1.1
asyncio: mode=Mode.AUTO, asyncio_default_fixture_loop_scope=function, asyncio_default_test_loop_scope=function
collected 96 items                                                             

tests/test_bccache.py ...                                                [  3%]
tests/test_choice_loader.py ........                                                                                                                            [ 11%]
tests/test_compiler.py .............                                                                                                                            [ 25%]
tests/test_dict_loader.py .......                                                                                                                               [ 32%]
tests/test_environment.py .......................                                                                                                               [ 56%]
tests/test_function_loader.py ........                                                                                                                          [ 64%]
tests/test_loaders.py .....                                                                                                                                     [ 69%]
tests/test_package_loader.py ..........                                                                                                                         [ 80%]
tests/test_redis_bccache.py ............                                                                                                                        [ 92%]
tests/test_template_rendering.py .......                                                                                                                        [100%]

=========================================================================== tests coverage ============================================================================
__________________________________________________________ coverage: platform darwin, python 3.13.3-final-0 ___________________________________________________________

Name                                      Stmts   Miss  Cover
-------------------------------------------------------------
jinja2_async_environment/bccache.py          45      0   100%
jinja2_async_environment/compiler.py        237     38    84%
jinja2_async_environment/environment.py     115     19    83%
jinja2_async_environment/loaders.py         256     91    64%
-------------------------------------------------------------
TOTAL                                       653    148    77%
========================================================================= 96 passed in 2.36s ==========================================================================
(jinja2-async-environment) [jinja2-async-environment]                                                                                                        main  ✭ ✱
