pdm run python -m crackerjack --ai-agent --verbose
direnv: loading ~/Projects/jinja2-async-environment/.envrc                      
direnv: export +PDM_ACTIVE ~PATH
(jinja2-async-environment) [jinja2-async-environment] pdm run python -m crackerjack --ai-agent --verbose

Crackerjacking...

PDM installed: ✅


Running pre-commit hooks...

pdm-lock-check...........................................................Passed
trailing-whitespace......................................................Passed
end-of-file-fixer........................................................Passed
check-yaml...............................................................Passed
check-toml...............................................................Passed
check-added-large-files..................................................Passed
ruff-format..............................................................Failed
- hook id: ruff-format
- files were modified by this hook

1 file reformatted, 15 files left unchanged

ruff.....................................................................Failed
- hook id: ruff
- files were modified by this hook

Fixed 1 error:
- tests/test_template_rendering.py:
    1 × F401 (unused-import)

Found 1 error (1 fixed, 0 remaining).

vulture..................................................................Passed
creosote.................................................................Passed
flynt....................................................................Passed
codespell................................................................Passed
autotyping...............................................................Passed
refurb...................................................................Passed
bandit...................................................................Passed
pyright..................................................................Failed
- hook id: pyright
- exit code: 1

/Users/les/Projects/jinja2-async-environment/tests/test_template_rendering.py
  /Users/les/Projects/jinja2-async-environment/tests/test_template_rendering.py:47:42 - error: Argument of type "(Context) -> Iterator[str]" cannot be assigned to parameter "render_func" of type "(Any) -> AsyncIterator[str]" in function "render_template"
    Type "(Context) -> Iterator[str]" is not assignable to type "(Any) -> AsyncIterator[str]"
      Function return type "Iterator[str]" is incompatible with type "AsyncIterator[str]"
        "Iterator[str]" is incompatible with protocol "AsyncIterator[str]"
          "__anext__" is not present
          "__aiter__" is not present (reportArgumentType)
  /Users/les/Projects/jinja2-async-environment/tests/test_template_rendering.py:56:42 - error: Argument of type "(Context) -> Iterator[str]" cannot be assigned to parameter "render_func" of type "(Any) -> AsyncIterator[str]" in function "render_template"
    Type "(Context) -> Iterator[str]" is not assignable to type "(Any) -> AsyncIterator[str]"
      Function return type "Iterator[str]" is incompatible with type "AsyncIterator[str]"
        "Iterator[str]" is incompatible with protocol "AsyncIterator[str]"
          "__anext__" is not present
          "__aiter__" is not present (reportArgumentType)
  /Users/les/Projects/jinja2-async-environment/tests/test_template_rendering.py:67:42 - error: Argument of type "(Context) -> Iterator[str]" cannot be assigned to parameter "render_func" of type "(Any) -> AsyncIterator[str]" in function "render_template"
    Type "(Context) -> Iterator[str]" is not assignable to type "(Any) -> AsyncIterator[str]"
      Function return type "Iterator[str]" is incompatible with type "AsyncIterator[str]"
        "Iterator[str]" is incompatible with protocol "AsyncIterator[str]"
          "__anext__" is not present
          "__aiter__" is not present (reportArgumentType)
  /Users/les/Projects/jinja2-async-environment/tests/test_template_rendering.py:80:42 - error: Argument of type "(Context) -> Iterator[str]" cannot be assigned to parameter "render_func" of type "(Any) -> AsyncIterator[str]" in function "render_template"
    Type "(Context) -> Iterator[str]" is not assignable to type "(Any) -> AsyncIterator[str]"
      Function return type "Iterator[str]" is incompatible with type "AsyncIterator[str]"
        "Iterator[str]" is incompatible with protocol "AsyncIterator[str]"
          "__anext__" is not present
          "__aiter__" is not present (reportArgumentType)
  /Users/les/Projects/jinja2-async-environment/tests/test_template_rendering.py:93:42 - error: Argument of type "(Context) -> Iterator[str]" cannot be assigned to parameter "render_func" of type "(Any) -> AsyncIterator[str]" in function "render_template"
    Type "(Context) -> Iterator[str]" is not assignable to type "(Any) -> AsyncIterator[str]"
      Function return type "Iterator[str]" is incompatible with type "AsyncIterator[str]"
        "Iterator[str]" is incompatible with protocol "AsyncIterator[str]"
          "__anext__" is not present
          "__aiter__" is not present (reportArgumentType)
  /Users/les/Projects/jinja2-async-environment/tests/test_template_rendering.py:106:42 - error: Argument of type "(Context) -> Iterator[str]" cannot be assigned to parameter "render_func" of type "(Any) -> AsyncIterator[str]" in function "render_template"
    Type "(Context) -> Iterator[str]" is not assignable to type "(Any) -> AsyncIterator[str]"
      Function return type "Iterator[str]" is incompatible with type "AsyncIterator[str]"
        "Iterator[str]" is incompatible with protocol "AsyncIterator[str]"
          "__anext__" is not present
          "__aiter__" is not present (reportArgumentType)
  /Users/les/Projects/jinja2-async-environment/tests/test_template_rendering.py:126:42 - error: Argument of type "(Context) -> Iterator[str]" cannot be assigned to parameter "render_func" of type "(Any) -> AsyncIterator[str]" in function "render_template"
    Type "(Context) -> Iterator[str]" is not assignable to type "(Any) -> AsyncIterator[str]"
      Function return type "Iterator[str]" is incompatible with type "AsyncIterator[str]"
        "Iterator[str]" is incompatible with protocol "AsyncIterator[str]"
          "__anext__" is not present
          "__aiter__" is not present (reportArgumentType)
7 errors, 0 warnings, 0 informations

ruff.....................................................................Passed
ruff-format..............................................................Passed
pdm-lock-check...........................................................Passed
trailing-whitespace......................................................Passed
end-of-file-fixer........................................................Passed
check-yaml...............................................................Passed
check-toml...............................................................Passed
check-added-large-files..................................................Passed
ruff-format..............................................................Passed
ruff.....................................................................Passed
vulture..................................................................Passed
creosote.................................................................Passed
flynt....................................................................Passed
codespell................................................................Passed
autotyping...............................................................Passed
refurb...................................................................Passed
bandit...................................................................Passed
pyright..................................................................Failed
- hook id: pyright
- exit code: 1

/Users/les/Projects/jinja2-async-environment/tests/test_template_rendering.py
  /Users/les/Projects/jinja2-async-environment/tests/test_template_rendering.py:47:42 - error: Argument of type "(Context) -> Iterator[str]" cannot be assigned to parameter "render_func" of type "(Any) -> AsyncIterator[str]" in function "render_template"
    Type "(Context) -> Iterator[str]" is not assignable to type "(Any) -> AsyncIterator[str]"
      Function return type "Iterator[str]" is incompatible with type "AsyncIterator[str]"
        "Iterator[str]" is incompatible with protocol "AsyncIterator[str]"
          "__anext__" is not present
          "__aiter__" is not present (reportArgumentType)
  /Users/les/Projects/jinja2-async-environment/tests/test_template_rendering.py:56:42 - error: Argument of type "(Context) -> Iterator[str]" cannot be assigned to parameter "render_func" of type "(Any) -> AsyncIterator[str]" in function "render_template"
    Type "(Context) -> Iterator[str]" is not assignable to type "(Any) -> AsyncIterator[str]"
      Function return type "Iterator[str]" is incompatible with type "AsyncIterator[str]"
        "Iterator[str]" is incompatible with protocol "AsyncIterator[str]"
          "__anext__" is not present
          "__aiter__" is not present (reportArgumentType)
  /Users/les/Projects/jinja2-async-environment/tests/test_template_rendering.py:67:42 - error: Argument of type "(Context) -> Iterator[str]" cannot be assigned to parameter "render_func" of type "(Any) -> AsyncIterator[str]" in function "render_template"
    Type "(Context) -> Iterator[str]" is not assignable to type "(Any) -> AsyncIterator[str]"
      Function return type "Iterator[str]" is incompatible with type "AsyncIterator[str]"
        "Iterator[str]" is incompatible with protocol "AsyncIterator[str]"
          "__anext__" is not present
          "__aiter__" is not present (reportArgumentType)
  /Users/les/Projects/jinja2-async-environment/tests/test_template_rendering.py:80:42 - error: Argument of type "(Context) -> Iterator[str]" cannot be assigned to parameter "render_func" of type "(Any) -> AsyncIterator[str]" in function "render_template"
    Type "(Context) -> Iterator[str]" is not assignable to type "(Any) -> AsyncIterator[str]"
      Function return type "Iterator[str]" is incompatible with type "AsyncIterator[str]"
        "Iterator[str]" is incompatible with protocol "AsyncIterator[str]"
          "__anext__" is not present
          "__aiter__" is not present (reportArgumentType)
  /Users/les/Projects/jinja2-async-environment/tests/test_template_rendering.py:93:42 - error: Argument of type "(Context) -> Iterator[str]" cannot be assigned to parameter "render_func" of type "(Any) -> AsyncIterator[str]" in function "render_template"
    Type "(Context) -> Iterator[str]" is not assignable to type "(Any) -> AsyncIterator[str]"
      Function return type "Iterator[str]" is incompatible with type "AsyncIterator[str]"
        "Iterator[str]" is incompatible with protocol "AsyncIterator[str]"
          "__anext__" is not present
          "__aiter__" is not present (reportArgumentType)
  /Users/les/Projects/jinja2-async-environment/tests/test_template_rendering.py:106:42 - error: Argument of type "(Context) -> Iterator[str]" cannot be assigned to parameter "render_func" of type "(Any) -> AsyncIterator[str]" in function "render_template"
    Type "(Context) -> Iterator[str]" is not assignable to type "(Any) -> AsyncIterator[str]"
      Function return type "Iterator[str]" is incompatible with type "AsyncIterator[str]"
        "Iterator[str]" is incompatible with protocol "AsyncIterator[str]"
          "__anext__" is not present
          "__aiter__" is not present (reportArgumentType)
  /Users/les/Projects/jinja2-async-environment/tests/test_template_rendering.py:126:42 - error: Argument of type "(Context) -> Iterator[str]" cannot be assigned to parameter "render_func" of type "(Any) -> AsyncIterator[str]" in function "render_template"
    Type "(Context) -> Iterator[str]" is not assignable to type "(Any) -> AsyncIterator[str]"
      Function return type "Iterator[str]" is incompatible with type "AsyncIterator[str]"
        "Iterator[str]" is incompatible with protocol "AsyncIterator[str]"
          "__anext__" is not present
          "__aiter__" is not present (reportArgumentType)
7 errors, 0 warnings, 0 informations

ruff.....................................................................Passed
ruff-format..............................................................Passed


Pre-commit failed. Please fix errors.

(jinja2-async-environment) [jinja2-async-environment]                                                                                                        main  ✭ ✱
