[1m========================================================================= test session starts =========================================================================[0m
platform darwin -- Python 3.13.5, pytest-8.4.0, pluggy-1.6.0 -- /Users/les/Projects/jinja2-async-environment/.venv/bin/python
cachedir: .pytest_cache
benchmark: 5.1.0 (defaults: timer=time.perf_counter disable_gc=False min_rounds=5 min_time=0.000005 max_time=1.0 calibration_precision=10 warmup=False warmup_iterations=100000)
rootdir: /Users/les/Projects/jinja2-async-environment
configfile: pyproject.toml
plugins: xdist-3.7.0, anyio-4.9.0, timeout-2.4.0, cov-6.2.1, mock-3.14.1, benchmark-5.1.0, asyncio-1.0.0
timeout: 300.0s
timeout method: thread
timeout func_only: False
asyncio: mode=Mode.AUTO, asyncio_default_fixture_loop_scope=function, asyncio_default_test_loop_scope=function
[1mcollecting ... [0m[1mcollected 12 items                                                                                                                                                    [0m

tests/test_bccache_additional.py::TestAsyncBytecodeCache::test_init [32mPASSED[0m[32m                                                                                      [  8%][0m
tests/test_bccache_additional.py::TestAsyncBytecodeCache::test_get_cache_key [32mPASSED[0m[32m                                                                             [ 16%][0m
tests/test_bccache_additional.py::TestAsyncBytecodeCache::test_get_source_checksum [32mPASSED[0m[32m                                                                       [ 25%][0m
tests/test_bccache_additional.py::TestAsyncBytecodeCache::test_get_bucket_async [32mPASSED[0m[32m                                                                          [ 33%][0m
tests/test_bccache_additional.py::TestAsyncBytecodeCache::test_set_bucket_async [32mPASSED[0m[32m                                                                          [ 41%][0m
tests/test_bccache_additional.py::TestAsyncBytecodeCache::test_load_bytecode_not_implemented [32mPASSED[0m[32m                                                             [ 50%][0m
tests/test_bccache_additional.py::TestAsyncBytecodeCache::test_dump_bytecode_not_implemented [32mPASSED[0m[32m                                                             [ 58%][0m
tests/test_bccache_additional.py::TestAsyncBytecodeCache::test_clear_not_implemented [32mPASSED[0m[32m                                                                     [ 66%][0m
tests/test_bccache_additional.py::TestAsyncBytecodeCache_Subclass::test_get_bucket_async_with_custom_cache [32mPASSED[0m[32m                                               [ 75%][0m
tests/test_bccache_additional.py::TestAsyncBytecodeCache_Subclass::test_set_bucket_async_with_custom_cache [32mPASSED[0m[32m                                               [ 83%][0m
tests/test_bccache_additional.py::TestAsyncBytecodeCache_Subclass::test_get_bucket_async_with_existing_bucket [32mPASSED[0m[32m                                            [ 91%][0m
tests/test_bccache_additional.py::TestAsyncBytecodeCache_Subclass::test_clear_with_custom_cache [32mPASSED[0m[32m                                                          [100%][0m[31m[1m
ERROR: Coverage failure: total of 22 is less than fail-under=42
[0m

=========================================================================== tests coverage ============================================================================
__________________________________________________________ coverage: platform darwin, python 3.13.5-final-0 ___________________________________________________________

Name                                      Stmts   Miss  Cover
-------------------------------------------------------------
jinja2_async_environment/bccache.py          56     20    64%
jinja2_async_environment/compiler.py        356    308    13%
jinja2_async_environment/environment.py     121     86    29%
jinja2_async_environment/loaders.py         320    252    21%
-------------------------------------------------------------
TOTAL                                       853    666    22%
[31m[1mFAIL Required test coverage of 42% not reached. Total coverage: 21.92%
[0m[32m========================================================================= [32m[1m12 passed[0m[32m in 0.45s[0m[32m ==========================================================================[0m
