cd /Users/les/Projects/jinja2-async-environment && .venv/bin/pytest tests/test_environment.py -v
direnv: loading ~/Projects/jinja2-async-environment/.envrc                      
direnv: export +PDM_ACTIVE ~PATH
(jinja2-async-environment) [jinja2-async-environment] cd /Users/les/Projects/jinja2-async-environment && .venv/bin/pytest tests/test_environment.py -v
============================= test session starts ==============================
platform darwin -- Python 3.13.3, pytest-8.3.5, pluggy-1.5.0 -- /Users/les/Projects/jinja2-async-environment/.venv/bin/python
cachedir: .pytest_cache
rootdir: /Users/les/Projects/jinja2-async-environment
configfile: pyproject.toml
plugins: anyio-4.9.0, timeout-2.4.0, asyncio-0.26.0, mock-3.14.0, cov-6.1.1
asyncio: mode=Mode.AUTO, asyncio_default_fixture_loop_scope=function, asyncio_default_test_loop_scope=function
collected 23 items                                                             

tests/test_environment.py::TestAsyncEnvironment::test_init PASSED        [  4%]
tests/test_environment.py::TestAsyncEnvironment::test_get_template_not_implemented PASSED [  8%]
tests/test_environment.py::TestAsyncEnvironment::test_select_template_not_implemented PASSED [ 13%]
tests/test_environment.py::TestAsyncEnvironment::test_get_or_select_template_not_implemented PASSED [ 17%]
tests/test_environment.py::TestAsyncEnvironment::test_get_template_async_with_template_object PASSED [ 21%]
tests/test_environment.py::TestAsyncEnvironment::test_get_template_async_with_parent PASSED [ 26%]
tests/test_environment.py::TestAsyncEnvironment::test_get_template_async_with_globals PASSED [ 30%]
tests/test_environment.py::TestAsyncEnvironment::test_select_template_async_with_empty_list PASSED [ 34%]
tests/test_environment.py::TestAsyncEnvironment::test_select_template_async_with_undefined PASSED [ 39%]
tests/test_environment.py::TestAsyncEnvironment::test_select_template_async_with_template_object PASSED [ 43%]
tests/test_environment.py::TestAsyncEnvironment::test_select_template_async_with_parent PASSED [ 47%]
tests/test_environment.py::TestAsyncEnvironment::test_select_template_async_not_found PASSED [ 52%]
tests/test_environment.py::TestAsyncEnvironment::test_get_or_select_template_async_with_string PASSED [ 56%]
tests/test_environment.py::TestAsyncEnvironment::test_get_or_select_template_async_with_template_object PASSED [ 60%]
tests/test_environment.py::TestAsyncEnvironment::test_get_or_select_template_async_with_list PASSED [ 65%]
tests/test_environment.py::TestAsyncEnvironment::test_load_template_async_with_template_object PASSED [ 69%]
tests/test_environment.py::TestAsyncEnvironment::test_load_template_async_with_string PASSED [ 73%]
tests/test_environment.py::TestAsyncEnvironment::test_load_template_async_with_iterable PASSED [ 78%]
tests/test_environment.py::TestAsyncEnvironment::test_load_template_async_with_iterable_all_not_found PASSED [ 82%]
tests/test_environment.py::TestAsyncEnvironment::test_get_template_no_loader PASSED [ 86%]
tests/test_environment.py::TestAsyncEnvironment::test_get_template_with_cache_hit PASSED [ 91%]
tests/test_environment.py::TestAsyncEnvironment::test_get_template_with_cache_hit_and_globals PASSED [ 95%]
tests/test_environment.py::TestAsyncEnvironment::test_get_template_with_cache_miss PASSED [100%]

================================ tests coverage ================================
_______________ coverage: platform darwin, python 3.13.3-final-0 _______________

Name                                      Stmts   Miss  Cover
-------------------------------------------------------------
jinja2_async_environment/bccache.py          45     20    56%
jinja2_async_environment/compiler.py        182    147    19%
jinja2_async_environment/environment.py     113     26    77%
jinja2_async_environment/loaders.py         218    162    26%
-------------------------------------------------------------
TOTAL                                       558    355    36%
============================== 23 passed in 0.62s ==============================
(jinja2-async-environment) [jinja2-async-environment]                 main  ✭ ✱
