cd /Users/les/Projects/starlette-async-jinja && python -m pytest --cov=starlette_async_jinja --cov-report=term-missing
direnv: loading ~/Projects/starlette-async-jinja/.envrc                         
direnv: export +PDM_ACTIVE ~PATH
(starlette-async-jinja) [starlette-async-jinja] cd /Users/les/Projects/starlette-async-jinja && python -m pytest --cov=starlette_async_jinja --cov-report=term-missing
============================= test session starts ==============================
platform darwin -- Python 3.13.3, pytest-8.3.5, pluggy-1.5.0
rootdir: /Users/les/Projects/starlette-async-jinja
configfile: pyproject.toml
testpaths: tests, starlette_async_jinja
plugins: anyio-4.9.0, timeout-2.4.0, asyncio-0.26.0, mock-3.14.0, cov-6.1.1
asyncio: mode=Mode.AUTO, asyncio_default_fixture_loop_scope=function, asyncio_default_test_loop_scope=function
collected 21 items                                                             

tests/test_responses.py .....................                            [100%]

================================ tests coverage ================================
_______________ coverage: platform darwin, python 3.13.3-final-0 _______________

Name                                 Stmts   Miss  Cover   Missing
------------------------------------------------------------------
starlette_async_jinja/responses.py     115      9    92%   106, 121-122, 143-144, 147-148, 204-205
------------------------------------------------------------------
TOTAL                                  115      9    92%
============================== 21 passed in 0.56s ==============================
(starlette-async-jinja) [starlette-async-jinja]                       main  ✭ ✱
