cd /Users/les/Projects/starlette-async-jinja && ls -la
direnv: loading ~/Projects/starlette-async-jinja/.envrc                         
direnv: export +PDM_ACTIVE ~PATH
(starlette-async-jinja) [starlette-async-jinja] cd /Users/les/Projects/starlette-async-jinja && ls -la
total 296
drwxr-xr-x  26 les  staff    832 May 10 08:35 .
drwxr-xr-x  18 les  staff    576 May  3 10:07 ..
-rw-r--r--@  1 les  staff   8196 Feb  6 11:28 .DS_Store
-rw-r--r--   1 les  staff  53248 May 10 08:35 .coverage
-rw-r--r--   1 les  staff     11 Nov  9  2024 .envrc
drwxr-xr-x  15 les  staff    480 May 10 08:34 .git
drwxr-xr-x   3 les  staff     96 Jun 18  2023 .github
-rw-r--r--   1 les  staff    178 May 10 08:34 .gitignore
drwxr-xr-x  10 les  staff    320 May 10 08:31 .idea
-rw-r--r--   1 les  staff    772 May 10 08:34 .libcst.codemod.yaml
drwxr-xr-x   7 les  staff    224 Nov  9  2024 .mypy_cache
drwx------   5 les  staff    160 May 10 08:34 .pdm-build
-rw-r--r--   1 les  staff     58 Nov  9  2024 .pdm-python
-rw-r--r--   1 les  staff   2466 May 10 08:34 .pre-commit-config.yaml
drwxr-xr-x@  6 les  staff    192 Mar  8 17:36 .pytest_cache
drwxr-xr-x  28 les  staff    896 May  8 17:13 .ruff_cache
drwxr-xr-x   8 les  staff    256 May  8 17:14 .venv
drwxr-xr-x  20 les  staff    640 May 10 08:36 .zencoder
-rw-r--r--   1 les  staff   1531 Apr 13  2023 LICENSE
-rw-r--r--@  1 les  staff  11245 May  9 03:10 README.md
drwxr-xr-x   3 les  staff     96 May 19  2023 build
drwxr-xr-x   4 les  staff    128 May  8 17:14 dist
-rw-r--r--   1 les  staff  44498 May 10 08:24 pdm.lock
-rw-r--r--   1 les  staff   3860 May 10 08:34 pyproject.toml
drwxr-xr-x   5 les  staff    160 Mar 30 13:38 starlette_async_jinja
drwxr-xr-x   5 les  staff    160 May 10 08:33 tests
(starlette-async-jinja) [starlette-async-jinja]                       main  ✭ ✱
