cd /Users/les/Projects/starlette-async-jinja && python -m pytest -vv tests/test_responses.py::test_async_jinja2_templates_render_fragment_handle_exception
direnv: loading ~/Projects/starlette-async-jinja/.envrc                         
direnv: export +PDM_ACTIVE ~PATH
(starlette-async-jinja) [starlette-async-jinja] cd /Users/les/Projects/starlette-async-jinja && python -m pytest -vv tests/test_responses.py::test_async_jinja2_templates_render_fragment_handle_exception
============================= test session starts ==============================
platform darwin -- Python 3.13.3, pytest-8.3.5, pluggy-1.5.0 -- /Users/les/Projects/starlette-async-jinja/.venv/bin/python
cachedir: .pytest_cache
rootdir: /Users/les/Projects/starlette-async-jinja
configfile: pyproject.toml
plugins: anyio-4.9.0, timeout-2.4.0, asyncio-0.26.0, mock-3.14.0, cov-6.1.1
asyncio: mode=Mode.AUTO, asyncio_default_fixture_loop_scope=function, asyncio_default_test_loop_scope=function
collected 1 item                                                               

tests/test_responses.py::test_async_jinja2_templates_render_fragment_handle_exception PASSED [100%]

================================ tests coverage ================================
_______________ coverage: platform darwin, python 3.13.3-final-0 _______________

Name                                 Stmts   Miss  Cover
--------------------------------------------------------
starlette_async_jinja/responses.py     115     63    45%
--------------------------------------------------------
TOTAL                                  115     63    45%
============================== 1 passed in 0.64s ===============================
(starlette-async-jinja) [starlette-async-jinja]                       main  ✭ ✱
