cd /Users/les/Projects/starlette-async-jinja && python -m pytest -vv tests/test_responses.py
direnv: loading ~/Projects/starlette-async-jinja/.envrc                         
direnv: export +PDM_ACTIVE ~PATH
(starlette-async-jinja) [starlette-async-jinja] cd /Users/les/Projects/starlette-async-jinja && python -m pytest -vv tests/test_responses.py
============================= test session starts ==============================
platform darwin -- Python 3.13.3, pytest-8.3.5, pluggy-1.5.0 -- /Users/les/Projects/starlette-async-jinja/.venv/bin/python
cachedir: .pytest_cache
rootdir: /Users/les/Projects/starlette-async-jinja
configfile: pyproject.toml
plugins: anyio-4.9.0, timeout-2.4.0, asyncio-0.26.0, mock-3.14.0, cov-6.1.1
asyncio: mode=Mode.AUTO, asyncio_default_fixture_loop_scope=function, asyncio_default_test_loop_scope=function
collected 21 items                                                             

tests/test_responses.py::test_json_response_render PASSED                [  4%]
tests/test_responses.py::test_template_response_init PASSED              [  9%]
tests/test_responses.py::test_template_response_call_with_debug_extension PASSED [ 14%]
tests/test_responses.py::test_async_jinja2_templates_init PASSED         [ 19%]
tests/test_responses.py::test_async_jinja2_templates_init_with_options PASSED [ 23%]
tests/test_responses.py::test_async_jinja2_templates_create_env PASSED   [ 28%]
tests/test_responses.py::test_async_jinja2_templates_render_block PASSED [ 33%]
tests/test_responses.py::test_async_jinja2_templates_generate_render_partial PASSED [ 38%]
tests/test_responses.py::test_async_jinja2_templates_renderer PASSED     [ 42%]
tests/test_responses.py::test_async_jinja2_templates_render_fragment PASSED [ 47%]
tests/test_responses.py::test_async_jinja2_templates_render_fragment_with_context PASSED [ 52%]
tests/test_responses.py::test_async_jinja2_templates_render_fragment_block_not_found PASSED [ 57%]
tests/test_responses.py::test_async_jinja2_templates_get_template PASSED [ 61%]
tests/test_responses.py::test_async_jinja2_templates_get_template_not_found PASSED [ 66%]
tests/test_responses.py::test_async_jinja2_templates_template_response PASSED [ 71%]
tests/test_responses.py::test_async_jinja2_templates_template_response_kwargs PASSED [ 76%]
tests/test_responses.py::test_async_jinja2_templates_template_response_context_processors PASSED [ 80%]
tests/test_responses.py::test_async_jinja2_templates_template_response_other_args PASSED [ 85%]
tests/test_responses.py::test_render_template_alias PASSED               [ 90%]
tests/test_responses.py::test_render_block_error_handling PASSED         [ 95%]
tests/test_responses.py::test_template_response_with_none_context PASSED [100%]

=========================================================================== tests coverage ============================================================================
__________________________________________________________ coverage: platform darwin, python 3.13.3-final-0 ___________________________________________________________

Name                                 Stmts   Miss  Cover
--------------------------------------------------------
starlette_async_jinja/responses.py     115      9    92%
--------------------------------------------------------
TOTAL                                  115      9    92%
========================================================================= 21 passed in 0.78s ==========================================================================
(starlette-async-jinja) [starlette-async-jinja]                                                                                                              main  ✭ ✱
