[1m========================================================================= test session starts =========================================================================[0m
platform darwin -- Python 3.13.5, pytest-8.4.0, pluggy-1.6.0 -- /Users/les/Projects/jinja2-async-environment/.venv/bin/python
cachedir: .pytest_cache
benchmark: 5.1.0 (defaults: timer=time.perf_counter disable_gc=False min_rounds=5 min_time=0.000005 max_time=1.0 calibration_precision=10 warmup=False warmup_iterations=100000)
rootdir: /Users/les/Projects/jinja2-async-environment
configfile: pyproject.toml
plugins: xdist-3.7.0, anyio-4.9.0, timeout-2.4.0, cov-6.2.1, mock-3.14.1, benchmark-5.1.0, asyncio-1.0.0
timeout: 300.0s
timeout method: thread
timeout func_only: False
asyncio: mode=Mode.AUTO, asyncio_default_fixture_loop_scope=function, asyncio_default_test_loop_scope=function
[1mcollecting ... [0m[1mcollected 1 item                                                                                                                                                      [0m

tests/test_environment_additional.py::test_get_template_async_with_cache_hit_and_auto_reload_false [32mPASSED[0m[32m                                                       [100%][0m[31m[1m
ERROR: Coverage failure: total of 22 is less than fail-under=42
[0m

=========================================================================== tests coverage ============================================================================
__________________________________________________________ coverage: platform darwin, python 3.13.5-final-0 ___________________________________________________________

Name                                      Stmts   Miss  Cover
-------------------------------------------------------------
jinja2_async_environment/bccache.py          56     29    48%
jinja2_async_environment/compiler.py        393    334    15%
jinja2_async_environment/environment.py     142     98    31%
jinja2_async_environment/loaders.py         320    252    21%
-------------------------------------------------------------
TOTAL                                       911    713    22%
[31m[1mFAIL Required test coverage of 42% not reached. Total coverage: 21.73%
[0m[32m========================================================================== [32m[1m1 passed[0m[32m in 0.39s[0m[32m ==========================================================================[0m
