cd /Users/les/Projects/jinja2-async-environment && pdm run pytest tests/test_template_rendering.py::TestTemplateRendering::test_render_simple_template -v
direnv: loading ~/Projects/jinja2-async-environment/.envrc                      
direnv: export +PDM_ACTIVE ~PATH
(jinja2-async-environment) [jinja2-async-environment] cd /Users/les/Projects/jinja2-async-environment && pdm run pytest tests/test_template_rendering.py::TestTemplateRendering::test_render_simple_template -v
========================================================================= test session starts =========================================================================
platform darwin -- Python 3.13.3, pytest-8.3.5, pluggy-1.5.0 -- /Users/les/Projects/jinja2-async-environment/.venv/bin/python
cachedir: .pytest_cache
rootdir: /Users/les/Projects/jinja2-async-environment
configfile: pyproject.toml
plugins: anyio-4.9.0, timeout-2.4.0, asyncio-0.26.0, mock-3.14.0, cov-6.1.1
asyncio: mode=Mode.AUTO, asyncio_default_fixture_loop_scope=function, asyncio_default_test_loop_scope=function
collected 1 item                                                                                                                                                      

tests/test_template_rendering.py::TestTemplateRendering::test_render_simple_template PASSED                                                                     [100%]

=========================================================================== tests coverage ============================================================================
__________________________________________________________ coverage: platform darwin, python 3.13.3-final-0 ___________________________________________________________

Name                                      Stmts   Miss  Cover
-------------------------------------------------------------
jinja2_async_environment/bccache.py          45     20    56%
jinja2_async_environment/compiler.py        183    147    20%
jinja2_async_environment/environment.py      86     38    56%
jinja2_async_environment/loaders.py         218    141    35%
-------------------------------------------------------------
TOTAL                                       532    346    35%
========================================================================== 1 passed in 0.43s ==========================================================================
(jinja2-async-environment) [jinja2-async-environment]                                                                                                        main  ✭ ✱
