cd /Users/les/Projects/jinja2-async-environment && python -m pytest tests/test_template_rendering.py
direnv: loading ~/Projects/jinja2-async-environment/.envrc                      
direnv: export +PDM_ACTIVE ~PATH
(jinja2-async-environment) [jinja2-async-environment] cd /Users/les/Projects/jinja2-async-environment && python -m pytest tests/test_template_rendering.py
============================= test session starts ==============================
platform darwin -- Python 3.13.3, pytest-8.3.5, pluggy-1.5.0
rootdir: /Users/les/Projects/jinja2-async-environment
configfile: pyproject.toml
plugins: anyio-4.9.0, timeout-2.4.0, asyncio-0.26.0, mock-3.14.0, cov-6.1.1
asyncio: mode=Mode.AUTO, asyncio_default_fixture_loop_scope=function, asyncio_default_test_loop_scope=function
collected 7 items                                                              

tests/test_template_rendering.py .......                                 [100%]

================================ tests coverage ================================
_______________ coverage: platform darwin, python 3.13.3-final-0 _______________

Name                                      Stmts   Miss  Cover
-------------------------------------------------------------
jinja2_async_environment/bccache.py          45     20    56%
jinja2_async_environment/compiler.py        237     85    64%
jinja2_async_environment/environment.py     115     54    53%
jinja2_async_environment/loaders.py         256    178    30%
-------------------------------------------------------------
TOTAL                                       653    337    48%
============================== 7 passed in 0.49s ===============================
(jinja2-async-environment) [jinja2-async-environment]                 main  ✭ ✱
