[1m========================================================================= test session starts =========================================================================[0m
platform darwin -- Python 3.13.5, pytest-8.4.1, pluggy-1.6.0 -- /Users/les/Projects/jinja2-async-environment/.venv/bin/python
cachedir: .pytest_cache
benchmark: 5.1.0 (defaults: timer=time.perf_counter disable_gc=False min_rounds=5 min_time=0.000005 max_time=1.0 calibration_precision=10 warmup=False warmup_iterations=100000)
rootdir: /Users/les/Projects/jinja2-async-environment
configfile: pyproject.toml
plugins: xdist-3.7.0, anyio-4.9.0, timeout-2.4.0, cov-6.2.1, mock-3.14.1, benchmark-5.1.0, asyncio-1.0.0
timeout: 300.0s
timeout method: thread
timeout func_only: False
asyncio: mode=Mode.AUTO, asyncio_default_fixture_loop_scope=function, asyncio_default_test_loop_scope=function
[1mcollecting ... [0m[1mcollected 5 items                                                                                                                                                     [0m

tests/test_escape_filter.py::TestEscapeFilter::test_explicit_escape_filter [32mPASSED[0m[32m                                                                               [ 20%][0m
tests/test_escape_filter.py::TestEscapeFilter::test_autoescape [32mPASSED[0m[32m                                                                                           [ 40%][0m
tests/test_escape_filter.py::TestEscapeFilter::test_multiple_escapes [32mPASSED[0m[32m                                                                                     [ 60%][0m
tests/test_escape_filter.py::TestEscapeFilter::test_nested_expression_escape [32mPASSED[0m[32m                                                                             [ 80%][0m
tests/test_escape_filter.py::TestEscapeFilter::test_escape_with_non_string_values [32mPASSED[0m[32m                                                                        [100%][0m[31m[1m
ERROR: Coverage failure: total of 34 is less than fail-under=42
[0m

=========================================================================== tests coverage ============================================================================
__________________________________________________________ coverage: platform darwin, python 3.13.5-final-0 ___________________________________________________________

Name                                      Stmts   Miss  Cover
-------------------------------------------------------------
jinja2_async_environment/bccache.py          56     29    48%
jinja2_async_environment/compiler.py        385    256    34%
jinja2_async_environment/environment.py     135     73    46%
jinja2_async_environment/loaders.py         320    229    28%
-------------------------------------------------------------
TOTAL                                       896    587    34%
[31m[1mFAIL Required test coverage of 42% not reached. Total coverage: 34.49%
[0m[32m========================================================================== [32m[1m5 passed[0m[32m in 0.48s[0m[32m ==========================================================================[0m
