/Users/les/Projects/jinja2-async-environment/.venv/lib/python3.13/site-packages/pytest_timeout.py
/Users/les/Projects/jinja2-async-environment/.venv/lib/python3.13/site-packages/pygments/lexers/c_like.py
/Users/les/Projects/jinja2-async-environment/.venv/lib/python3.13/site-packages/pygments/lexers/dns.py
/Users/les/Projects/jinja2-async-environment/.venv/lib/python3.13/site-packages/pygments/lexers/html.py
/Users/les/Projects/jinja2-async-environment/.venv/lib/python3.13/site-packages/pygments/lexers/_stata_builtins.py
/Users/les/Projects/jinja2-async-environment/.venv/lib/python3.13/site-packages/pygments/lexers/_cocoa_builtins.py
/Users/les/Projects/jinja2-async-environment/.venv/lib/python3.13/site-packages/pygments/lexers/codeql.py
/Users/les/Projects/jinja2-async-environment/.venv/lib/python3.13/site-packages/pygments/lexers/installers.py
/Users/les/Projects/jinja2-async-environment/.venv/lib/python3.13/site-packages/pygments/lexers/apl.py
/Users/les/Projects/jinja2-async-environment/.venv/lib/python3.13/site-packages/pygments/lexers/lean.py
/Users/les/Projects/jinja2-async-environment/.venv/lib/python3.13/site-packages/pygments/formatters/rtf.py
/Users/les/Projects/jinja2-async-environment/.venv/lib/python3.13/site-packages/pygments/styles/sas.py
/Users/les/Projects/jinja2-async-environment/.venv/lib/python3.13/site-packages/pygments/styles/material.py
/Users/les/Projects/jinja2-async-environment/.venv/lib/python3.13/site-packages/pygments/styles/pastie.py
/Users/les/Projects/jinja2-async-environment/.venv/lib/python3.13/site-packages/pygments/styles/onedark.py
/Users/les/Projects/jinja2-async-environment/.venv/lib/python3.13/site-packages/pygments/styles/inkpot.py
/Users/les/Projects/jinja2-async-environment/.venv/lib/python3.13/site-packages/pygments/styles/xcode.py
/Users/les/Projects/jinja2-async-environment/.venv/lib/python3.13/site-packages/pygments/styles/gruvbox.py
/Users/les/Projects/jinja2-async-environment/.venv/lib/python3.13/site-packages/pygments/styles/monokai.py
/Users/les/Projects/jinja2-async-environment/.venv/lib/python3.13/site-packages/pygments/styles/tango.py
/Users/les/Projects/jinja2-async-environment/.venv/lib/python3.13/site-packages/pygments/styles/staroffice.py
/Users/les/Projects/jinja2-async-environment/.venv/lib/python3.13/site-packages/pygments/styles/paraiso_dark.py
/Users/les/Projects/jinja2-async-environment/.venv/lib/python3.13/site-packages/pygments/styles/solarized.py
/Users/les/Projects/jinja2-async-environment/.venv/lib/python3.13/site-packages/pygments/styles/gh_dark.py
/Users/les/Projects/jinja2-async-environment/.venv/lib/python3.13/site-packages/pygments/styles/native.py
/Users/les/Projects/jinja2-async-environment/.venv/lib/python3.13/site-packages/pygments/styles/lilypond.py
/Users/les/Projects/jinja2-async-environment/.venv/lib/python3.13/site-packages/pygments/styles/zenburn.py
/Users/les/Projects/jinja2-async-environment/.venv/lib/python3.13/site-packages/pygments/styles/vs.py
/Users/les/Projects/jinja2-async-environment/.venv/lib/python3.13/site-packages/pygments/styles/paraiso_light.py
/Users/les/Projects/jinja2-async-environment/.venv/lib/python3.13/site-packages/pygments/styles/stata_dark.py
/Users/les/Projects/jinja2-async-environment/.venv/lib/python3.13/site-packages/pygments/styles/vim.py
/Users/les/Projects/jinja2-async-environment/.venv/lib/python3.13/site-packages/pygments/styles/murphy.py
/Users/les/Projects/jinja2-async-environment/.venv/lib/python3.13/site-packages/pygments/styles/rainbow_dash.py
/Users/les/Projects/jinja2-async-environment/.venv/lib/python3.13/site-packages/pygments/styles/manni.py
/Users/les/Projects/jinja2-async-environment/.venv/lib/python3.13/site-packages/pygments/styles/perldoc.py
/Users/les/Projects/jinja2-async-environment/.venv/lib/python3.13/site-packages/pygments/styles/trac.py
/Users/les/Projects/jinja2-async-environment/.venv/lib/python3.13/site-packages/pygments/styles/nord.py
/Users/les/Projects/jinja2-async-environment/.venv/lib/python3.13/site-packages/pygments/styles/stata_light.py
/Users/les/Projects/jinja2-async-environment/.venv/lib/python3.13/site-packages/libcst/_nodes/tests/test_docstring.py
/Users/les/Projects/jinja2-async-environment/.venv/lib/python3.13/site-packages/libcst/metadata/tests/test_scope_provider.py
/Users/les/Projects/jinja2-async-environment/.venv/lib/python3.13/site-packages/libcst/codemod/commands/tests/test_rename.py
/Users/les/Projects/jinja2-async-environment/.venv/lib/python3.13/site-packages/yaml/scanner.py
/Users/les/Projects/jinja2-async-environment/.venv/lib/python3.13/site-packages/yaml/parser.py
/Users/les/Projects/jinja2-async-environment/.venv/lib/python3.13/site-packages/yaml_ft/scanner.py
/Users/les/Projects/jinja2-async-environment/.venv/lib/python3.13/site-packages/yaml_ft/constructor.py
/Users/les/Projects/jinja2-async-environment/.venv/lib/python3.13/site-packages/yaml_ft/registry.py
/Users/les/Projects/jinja2-async-environment/.venv/lib/python3.13/site-packages/yaml_ft/parser.py
