cd /Users/les/Projects/jinja2-async-environment && pre-commit run --files jinja2_async_environment/loaders.py tests/test_template_rendering.py
direnv: loading ~/Projects/jinja2-async-environment/.envrc                                                                                                             
direnv: export +PDM_ACTIVE ~PATH
(jinja2-async-environment) [jinja2-async-environment] cd /Users/les/Projects/jinja2-async-environment && pre-commit run --files jinja2_async_environment/loaders.py tests/test_template_rendering.py
pdm-lock-check.......................................(no files to check)Skipped
trailing-whitespace......................................................Failed
- hook id: trailing-whitespace
- exit code: 1
- files were modified by this hook

Fixing jinja2_async_environment/loaders.py
Fixing tests/test_template_rendering.py

end-of-file-fixer........................................................Passed
check-yaml...........................................(no files to check)Skipped
check-toml...........................................(no files to check)Skipped
check-added-large-files..................................................Passed
ruff-format..............................................................Failed
- hook id: ruff-format
- files were modified by this hook

2 files reformatted

ruff.....................................................................Passed
vulture..................................................................Passed
creosote.................................................................Passed
flynt....................................................................Passed
codespell................................................................Passed
autotyping...............................................................Passed
refurb...................................................................Failed
- hook id: refurb
- exit code: 1

jinja2_async_environment/loaders.py:271:13 [FURB126]: Replace `else: return x` with `return x`

Run `refurb --explain ERR` to further explain an error. Use `--quiet` to silence this message

bandit...................................................................Passed
pyright..................................................................Failed
- hook id: pyright
- exit code: 1

/Users/les/Projects/jinja2-async-environment/tests/test_template_rendering.py
  /Users/les/Projects/jinja2-async-environment/tests/test_template_rendering.py:103:32 - error: Use of "async" not allowed outside of async function
1 error, 0 warnings, 0 informations

ruff.....................................................................Passed
ruff-format..............................................................Passed
(jinja2-async-environment) [jinja2-async-environment]                                                                                                        main  ✭ ✱
